{
  "stats": {
    "suites": 1,
    "tests": 4,
    "passes": 4,
    "pending": 0,
    "failures": 0,
    "start": "2026-06-21T00:41:24.863Z",
    "end": "2026-06-21T00:41:24.866Z",
    "duration": 3,
    "testsRegistered": 4,
    "passPercent": 100,
    "pendingPercent": 0,
    "other": 0,
    "hasOther": false,
    "skipped": 0,
    "hasSkipped": false
  },
  "results": [
    {
      "uuid": "71b26187-78d1-4790-890d-866991f42a43",
      "title": "",
      "fullFile": "/Users/nayrabraga/Desktop/QA-automation/pagamento-mocha/test/servicoDePagamento.test.js",
      "file": "/test/servicoDePagamento.test.js",
      "beforeHooks": [],
      "afterHooks": [],
      "tests": [],
      "suites": [
        {
          "uuid": "2ca5f7c8-5dc1-4a05-b70d-fb5e47b5f403",
          "title": "ServicoDePagamento",
          "fullFile": "/Users/nayrabraga/Desktop/QA-automation/pagamento-mocha/test/servicoDePagamento.test.js",
          "file": "/test/servicoDePagamento.test.js",
          "beforeHooks": [],
          "afterHooks": [],
          "tests": [
            {
              "title": "deve cadastrar um pagamento com categoria padrão",
              "fullTitle": "ServicoDePagamento deve cadastrar um pagamento com categoria padrão",
              "timedOut": false,
              "duration": 0,
              "state": "passed",
              "speed": "fast",
              "pass": true,
              "fail": false,
              "pending": false,
              "context": null,
              "code": "const servico = new ServicoDePagamento();\nservico.pagar('0987-7656-3475', 'Samar', 100);\nconst ultimoPagamento = servico.consultarUltimoPagamento();\nassert.strictEqual(ultimoPagamento.categoria, 'padrão');",
              "err": {},
              "uuid": "dbc97914-1db9-4d23-8ed7-561cf81ddb22",
              "parentUUID": "2ca5f7c8-5dc1-4a05-b70d-fb5e47b5f403",
              "isHook": false,
              "skipped": false
            },
            {
              "title": "deve cadastrar um pagamento com categoria cara",
              "fullTitle": "ServicoDePagamento deve cadastrar um pagamento com categoria cara",
              "timedOut": false,
              "duration": 0,
              "state": "passed",
              "speed": "fast",
              "pass": true,
              "fail": false,
              "pending": false,
              "context": null,
              "code": "const servico = new ServicoDePagamento();\nservico.pagar('0123-7666-3413', 'Samar', 100.01);\nconst ultimoPagamento = servico.consultarUltimoPagamento();\nassert.strictEqual(ultimoPagamento.categoria, 'cara');",
              "err": {},
              "uuid": "e1878ed6-dc73-4fca-846c-a0550d058cd8",
              "parentUUID": "2ca5f7c8-5dc1-4a05-b70d-fb5e47b5f403",
              "isHook": false,
              "skipped": false
            },
            {
              "title": "deve retornar o último pagamento realizado",
              "fullTitle": "ServicoDePagamento deve retornar o último pagamento realizado",
              "timedOut": false,
              "duration": 1,
              "state": "passed",
              "speed": "fast",
              "pass": true,
              "fail": false,
              "pending": false,
              "context": null,
              "code": "const servico = new ServicoDePagamento();\nservico.pagar('1111', 'Empresa A', 50);\nservico.pagar('2222', 'Empresa B', 150);\nconst ultimoPagamento = servico.consultarUltimoPagamento();\nassert.deepStrictEqual(ultimoPagamento, {\n  codigoBarras: '2222',\n  empresa: 'Empresa B',\n  valor: 150,\n  categoria: 'cara'\n});",
              "err": {},
              "uuid": "441c362a-b647-4d11-afe6-465005ce1959",
              "parentUUID": "2ca5f7c8-5dc1-4a05-b70d-fb5e47b5f403",
              "isHook": false,
              "skipped": false
            },
            {
              "title": "deve retornar undefined quando não houver pagamento",
              "fullTitle": "ServicoDePagamento deve retornar undefined quando não houver pagamento",
              "timedOut": false,
              "duration": 0,
              "state": "passed",
              "speed": "fast",
              "pass": true,
              "fail": false,
              "pending": false,
              "context": null,
              "code": "const servico = new ServicoDePagamento();\nconst ultimoPagamento = servico.consultarUltimoPagamento();\nassert.strictEqual(ultimoPagamento, undefined);",
              "err": {},
              "uuid": "b7ddc86f-71b6-4421-8029-1bd8168bccf7",
              "parentUUID": "2ca5f7c8-5dc1-4a05-b70d-fb5e47b5f403",
              "isHook": false,
              "skipped": false
            }
          ],
          "suites": [],
          "passes": [
            "dbc97914-1db9-4d23-8ed7-561cf81ddb22",
            "e1878ed6-dc73-4fca-846c-a0550d058cd8",
            "441c362a-b647-4d11-afe6-465005ce1959",
            "b7ddc86f-71b6-4421-8029-1bd8168bccf7"
          ],
          "failures": [],
          "pending": [],
          "skipped": [],
          "duration": 1,
          "root": false,
          "rootEmpty": false,
          "_timeout": 2000
        }
      ],
      "passes": [],
      "failures": [],
      "pending": [],
      "skipped": [],
      "duration": 0,
      "root": true,
      "rootEmpty": true,
      "_timeout": 2000
    }
  ],
  "meta": {
    "mocha": {
      "version": "11.7.6"
    },
    "mochawesome": {
      "options": {
        "quiet": false,
        "reportFilename": "mochawesome",
        "saveHtml": true,
        "saveJson": true,
        "consoleReporter": "spec",
        "useInlineDiffs": false,
        "code": true
      },
      "version": "7.1.4"
    },
    "marge": {
      "options": null,
      "version": "6.3.2"
    }
  }
}