{
  "stats": {
    "suites": 1,
    "tests": 4,
    "passes": 4,
    "pending": 0,
    "failures": 0,
    "start": "2026-06-21T01:03:35.154Z",
    "end": "2026-06-21T01:03:35.157Z",
    "duration": 3,
    "testsRegistered": 4,
    "passPercent": 100,
    "pendingPercent": 0,
    "other": 0,
    "hasOther": false,
    "skipped": 0,
    "hasSkipped": false
  },
  "results": [
    {
      "uuid": "662936f4-6a75-45a2-af66-b55290cd2033",
      "title": "",
      "fullFile": "/Users/nayrabraga/Desktop/QA-automation/pagamento-mocha/test/servicoDePagamento.test.js",
      "file": "/test/servicoDePagamento.test.js",
      "beforeHooks": [],
      "afterHooks": [],
      "tests": [],
      "suites": [
        {
          "uuid": "e4f10a6b-6b93-4021-beec-c9e58ab05b78",
          "title": "ServicoDePagamento",
          "fullFile": "/Users/nayrabraga/Desktop/QA-automation/pagamento-mocha/test/servicoDePagamento.test.js",
          "file": "/test/servicoDePagamento.test.js",
          "beforeHooks": [],
          "afterHooks": [],
          "tests": [
            {
              "title": "deve cadastrar um pagamento com categoria padrão",
              "fullTitle": "ServicoDePagamento deve cadastrar um pagamento com categoria padrão",
              "timedOut": false,
              "duration": 0,
              "state": "passed",
              "speed": "fast",
              "pass": true,
              "fail": false,
              "pending": false,
              "context": null,
              "code": "const servico = new ServicoDePagamento();\nservico.pagar('0987-7656-3475', 'Samar', 100);\nconst ultimoPagamento = servico.consultarUltimoPagamento();\nassert.strictEqual(ultimoPagamento.categoria, 'padrão');",
              "err": {},
              "uuid": "c05b2769-ea6b-49b8-8c40-bbd2cfc1cd79",
              "parentUUID": "e4f10a6b-6b93-4021-beec-c9e58ab05b78",
              "isHook": false,
              "skipped": false
            },
            {
              "title": "deve cadastrar um pagamento com categoria cara",
              "fullTitle": "ServicoDePagamento deve cadastrar um pagamento com categoria cara",
              "timedOut": false,
              "duration": 0,
              "state": "passed",
              "speed": "fast",
              "pass": true,
              "fail": false,
              "pending": false,
              "context": null,
              "code": "const servico = new ServicoDePagamento();\nservico.pagar('0123-7666-3413', 'Samar', 100.01);\nconst ultimoPagamento = servico.consultarUltimoPagamento();\nassert.strictEqual(ultimoPagamento.categoria, 'cara');",
              "err": {},
              "uuid": "f0329d09-0513-4214-94a9-19ab7e9a5371",
              "parentUUID": "e4f10a6b-6b93-4021-beec-c9e58ab05b78",
              "isHook": false,
              "skipped": false
            },
            {
              "title": "deve retornar o último pagamento realizado",
              "fullTitle": "ServicoDePagamento deve retornar o último pagamento realizado",
              "timedOut": false,
              "duration": 0,
              "state": "passed",
              "speed": "fast",
              "pass": true,
              "fail": false,
              "pending": false,
              "context": null,
              "code": "const servico = new ServicoDePagamento();\nservico.pagar('1111', 'Empresa A', 50);\nservico.pagar('2222', 'Empresa B', 150);\nconst ultimoPagamento = servico.consultarUltimoPagamento();\nassert.deepStrictEqual(ultimoPagamento, {\n  codigoBarras: '2222',\n  empresa: 'Empresa B',\n  valor: 150,\n  categoria: 'cara'\n});",
              "err": {},
              "uuid": "ea4b88a4-fdef-48fa-81d3-3d34722ebf21",
              "parentUUID": "e4f10a6b-6b93-4021-beec-c9e58ab05b78",
              "isHook": false,
              "skipped": false
            },
            {
              "title": "deve retornar undefined quando não houver pagamento",
              "fullTitle": "ServicoDePagamento deve retornar undefined quando não houver pagamento",
              "timedOut": false,
              "duration": 0,
              "state": "passed",
              "speed": "fast",
              "pass": true,
              "fail": false,
              "pending": false,
              "context": null,
              "code": "const servico = new ServicoDePagamento();\nconst ultimoPagamento = servico.consultarUltimoPagamento();\nassert.strictEqual(ultimoPagamento, undefined);",
              "err": {},
              "uuid": "04438fd5-383b-4d6e-8096-10eb37862284",
              "parentUUID": "e4f10a6b-6b93-4021-beec-c9e58ab05b78",
              "isHook": false,
              "skipped": false
            }
          ],
          "suites": [],
          "passes": [
            "c05b2769-ea6b-49b8-8c40-bbd2cfc1cd79",
            "f0329d09-0513-4214-94a9-19ab7e9a5371",
            "ea4b88a4-fdef-48fa-81d3-3d34722ebf21",
            "04438fd5-383b-4d6e-8096-10eb37862284"
          ],
          "failures": [],
          "pending": [],
          "skipped": [],
          "duration": 0,
          "root": false,
          "rootEmpty": false,
          "_timeout": 2000
        }
      ],
      "passes": [],
      "failures": [],
      "pending": [],
      "skipped": [],
      "duration": 0,
      "root": true,
      "rootEmpty": true,
      "_timeout": 2000
    }
  ],
  "meta": {
    "mocha": {
      "version": "11.7.6"
    },
    "mochawesome": {
      "options": {
        "quiet": false,
        "reportFilename": "mochawesome",
        "saveHtml": true,
        "saveJson": true,
        "consoleReporter": "spec",
        "useInlineDiffs": false,
        "code": true
      },
      "version": "7.1.4"
    },
    "marge": {
      "options": null,
      "version": "6.3.2"
    }
  }
}